c:\users\kolya\desktop\учеба\2 курс\2 семестр 2021\программирование\курсовик\сheckers\сheckers\debug\vc142.pdb
c:\users\kolya\desktop\учеба\2 курс\2 семестр 2021\программирование\курсовик\сheckers\сheckers\debug\vc142.idb
c:\users\kolya\desktop\учеба\2 курс\2 семестр 2021\программирование\курсовик\сheckers\сheckers\debug\сheckers.obj
c:\users\kolya\desktop\учеба\2 курс\2 семестр 2021\программирование\курсовик\сheckers\сheckers\debug\inout.obj
c:\users\kolya\desktop\учеба\2 курс\2 семестр 2021\программирование\курсовик\сheckers\сheckers\debug\game.obj
c:\users\kolya\desktop\учеба\2 курс\2 семестр 2021\программирование\курсовик\сheckers\сheckers\debug\cell.obj
c:\users\kolya\desktop\учеба\2 курс\2 семестр 2021\программирование\курсовик\сheckers\сheckers\debug\board.obj
c:\users\kolya\desktop\учеба\2 курс\2 семестр 2021\программирование\курсовик\сheckers\debug\сheckers.exe
c:\users\kolya\desktop\учеба\2 курс\2 семестр 2021\программирование\курсовик\сheckers\debug\сheckers.ilk
c:\users\kolya\desktop\учеба\2 курс\2 семестр 2021\программирование\курсовик\сheckers\debug\сheckers.pdb
c:\users\kolya\desktop\учеба\2 курс\2 семестр 2021\программирование\курсовик\сheckers\сheckers\debug\сheckers.res
c:\users\kolya\desktop\учеба\2 курс\2 семестр 2021\программирование\курсовик\сheckers\сheckers\debug\сheckers.tlog\cl.command.1.tlog
c:\users\kolya\desktop\учеба\2 курс\2 семестр 2021\программирование\курсовик\сheckers\сheckers\debug\сheckers.tlog\cl.read.1.tlog
c:\users\kolya\desktop\учеба\2 курс\2 семестр 2021\программирование\курсовик\сheckers\сheckers\debug\сheckers.tlog\cl.write.1.tlog
c:\users\kolya\desktop\учеба\2 курс\2 семестр 2021\программирование\курсовик\сheckers\сheckers\debug\сheckers.tlog\link.command.1.tlog
c:\users\kolya\desktop\учеба\2 курс\2 семестр 2021\программирование\курсовик\сheckers\сheckers\debug\сheckers.tlog\link.read.1.tlog
c:\users\kolya\desktop\учеба\2 курс\2 семестр 2021\программирование\курсовик\сheckers\сheckers\debug\сheckers.tlog\link.write.1.tlog
c:\users\kolya\desktop\учеба\2 курс\2 семестр 2021\программирование\курсовик\сheckers\сheckers\debug\сheckers.tlog\rc.command.1.tlog
c:\users\kolya\desktop\учеба\2 курс\2 семестр 2021\программирование\курсовик\сheckers\сheckers\debug\сheckers.tlog\rc.read.1.tlog
c:\users\kolya\desktop\учеба\2 курс\2 семестр 2021\программирование\курсовик\сheckers\сheckers\debug\сheckers.tlog\rc.write.1.tlog
